folder not exist
file not exist
  *************************************************************
  **********                                         **********
  ********                                             ********
  ******             Welcome to BabaYaga                 ******
  ****             ^^^^^^^^^^^^^^^^^^^^^^^                 ****
  **       It is an event generator for QED processes        **
  ****      at low energies, matching a QED PS with        ****
  ******           exact order alpha corrections         ******
  ********                                             ********
  **********                                         **********
  *************************************************************
   [[ it simulates: e+e- -->>  g  -->> e+e- or mu+mu- or gg ]] 
   [[             : e+e- -->> g,U -->> e+e-g or mu+mu-g     ]] 
  
 Principal Menu:
  [ type "run" to start generation,
    "legenda" for help or "quit" to quit ]
  [ fs      ] final state =  ee                                                 
  [ ecms    ] CoM energy    =    1.020  GeV                                     
  [ thmin   ] min. angle    =   20.000  deg                                     
  [ thmax   ] max. angle    =  160.000  deg                                     
  [ zmax    ] acollinearity =   10.000  deg                                     
  [ emin    ] min. energy   =    0.408  GeV                                     
  [ nev     ]    10000000. events will be generated                             
  [ path    ] files saved in test-run/                                          
  [ ntuple  ] ntuple creation no                                                
  [ menu2   ] the second menu is off                                            
  [ menud   ] the dark matter menu is off                                       
  [ sprb1   ] e- beam energy spread =  0.0000000  (GeV)                         
  [ sprb2   ] e+ beam energy spread =  0.0000000  (GeV)                         
  
Insert "variable value":   
 Principal Menu:
  [ type "run" to start generation,
    "legenda" for help or "quit" to quit ]
  [ fs      ] final state =  ee                                                 
  [ ecms    ] CoM energy    =    1.020  GeV                                     
  [ thmin   ] min. angle    =   20.000  deg                                     
  [ thmax   ] max. angle    =  160.000  deg                                     
  [ zmax    ] acollinearity =   10.000  deg                                     
  [ emin    ] min. energy   =    0.408  GeV                                     
  [ nev     ]    10000000. events will be generated                             
  [ path    ] files saved in test-run/                                          
  [ ntuple  ] ntuple creation no                                                
  [ menu2   ] the second menu is off                                            
  [ menud   ] the dark matter menu is off                                       
  [ sprb1   ] e- beam energy spread =  0.0000000  (GeV)                         
  [ sprb2   ] e+ beam energy spread =  0.0000000  (GeV)                         
  
Insert "variable value":   
 Principal Menu:
  [ type "run" to start generation,
    "legenda" for help or "quit" to quit ]
  [ fs      ] final state =  ee                                                 
  [ ecms    ] CoM energy    =    0.211  GeV                                     
  [ thmin   ] min. angle    =   20.000  deg                                     
  [ thmax   ] max. angle    =  160.000  deg                                     
  [ zmax    ] acollinearity =   10.000  deg                                     
  [ emin    ] min. energy   =    0.408  GeV                                     
  [ nev     ]    10000000. events will be generated                             
  [ path    ] files saved in test-run/                                          
  [ ntuple  ] ntuple creation no                                                
  [ menu2   ] the second menu is off                                            
  [ menud   ] the dark matter menu is off                                       
  [ sprb1   ] e- beam energy spread =  0.0000000  (GeV)                         
  [ sprb2   ] e+ beam energy spread =  0.0000000  (GeV)                         
  
Insert "variable value":   
 Principal Menu:
  [ type "run" to start generation,
    "legenda" for help or "quit" to quit ]
  [ fs      ] final state =  ee                                                 
  [ ecms    ] CoM energy    =    0.211  GeV                                     
  [ thmin   ] min. angle    =   60.000  deg                                     
  [ thmax   ] max. angle    =  160.000  deg                                     
  [ zmax    ] acollinearity =   10.000  deg                                     
  [ emin    ] min. energy   =    0.408  GeV                                     
  [ nev     ]    10000000. events will be generated                             
  [ path    ] files saved in test-run/                                          
  [ ntuple  ] ntuple creation no                                                
  [ menu2   ] the second menu is off                                            
  [ menud   ] the dark matter menu is off                                       
  [ sprb1   ] e- beam energy spread =  0.0000000  (GeV)                         
  [ sprb2   ] e+ beam energy spread =  0.0000000  (GeV)                         
  
Insert "variable value":   
 Principal Menu:
  [ type "run" to start generation,
    "legenda" for help or "quit" to quit ]
  [ fs      ] final state =  ee                                                 
  [ ecms    ] CoM energy    =    0.211  GeV                                     
  [ thmin   ] min. angle    =   60.000  deg                                     
  [ thmax   ] max. angle    =  120.000  deg                                     
  [ zmax    ] acollinearity =   10.000  deg                                     
  [ emin    ] min. energy   =    0.408  GeV                                     
  [ nev     ]    10000000. events will be generated                             
  [ path    ] files saved in test-run/                                          
  [ ntuple  ] ntuple creation no                                                
  [ menu2   ] the second menu is off                                            
  [ menud   ] the dark matter menu is off                                       
  [ sprb1   ] e- beam energy spread =  0.0000000  (GeV)                         
  [ sprb2   ] e+ beam energy spread =  0.0000000  (GeV)                         
  
Insert "variable value":   
 Principal Menu:
  [ type "run" to start generation,
    "legenda" for help or "quit" to quit ]
  [ fs      ] final state =  ee                                                 
  [ ecms    ] CoM energy    =    0.211  GeV                                     
  [ thmin   ] min. angle    =   60.000  deg                                     
  [ thmax   ] max. angle    =  120.000  deg                                     
  [ zmax    ] acollinearity =  180.000  deg                                     
  [ emin    ] min. energy   =    0.408  GeV                                     
  [ nev     ]    10000000. events will be generated                             
  [ path    ] files saved in test-run/                                          
  [ ntuple  ] ntuple creation no                                                
  [ menu2   ] the second menu is off                                            
  [ menud   ] the dark matter menu is off                                       
  [ sprb1   ] e- beam energy spread =  0.0000000  (GeV)                         
  [ sprb2   ] e+ beam energy spread =  0.0000000  (GeV)                         
  
Insert "variable value":   
 Principal Menu:
  [ type "run" to start generation,
    "legenda" for help or "quit" to quit ]
  [ fs      ] final state =  ee                                                 
  [ ecms    ] CoM energy    =    0.211  GeV                                     
  [ thmin   ] min. angle    =   60.000  deg                                     
  [ thmax   ] max. angle    =  120.000  deg                                     
  [ zmax    ] acollinearity =  180.000  deg                                     
  [ emin    ] min. energy   =    0.060  GeV                                     
  [ nev     ]    10000000. events will be generated                             
  [ path    ] files saved in test-run/                                          
  [ ntuple  ] ntuple creation no                                                
  [ menu2   ] the second menu is off                                            
  [ menud   ] the dark matter menu is off                                       
  [ sprb1   ] e- beam energy spread =  0.0000000  (GeV)                         
  [ sprb2   ] e+ beam energy spread =  0.0000000  (GeV)                         
  
Insert "variable value":   
 Principal Menu:
  [ type "run" to start generation,
    "legenda" for help or "quit" to quit ]
  [ fs      ] final state =  ee                                                 
  [ ecms    ] CoM energy    =    0.211  GeV                                     
  [ thmin   ] min. angle    =   60.000  deg                                     
  [ thmax   ] max. angle    =  120.000  deg                                     
  [ zmax    ] acollinearity =  180.000  deg                                     
  [ emin    ] min. energy   =    0.060  GeV                                     
  [ nev     ]    10000000. events will be generated                             
  [ path    ] files saved in test-run/                                          
  [ ntuple  ] ntuple creation no                                                
  [ menu2   ] the second menu is off                                            
  [ menud   ] the dark matter menu is off                                       
  [ sprb1   ] e- beam energy spread =  0.0000000  (GeV)                         
  [ sprb2   ] e+ beam energy spread =  0.0000000  (GeV)                         
  
Insert "variable value":   
 Principal Menu:
  [ type "run" to start generation,
    "legenda" for help or "quit" to quit ]
  [ fs      ] final state =  ee                                                 
  [ ecms    ] CoM energy    =    0.211  GeV                                     
  [ thmin   ] min. angle    =   60.000  deg                                     
  [ thmax   ] max. angle    =  120.000  deg                                     
  [ zmax    ] acollinearity =  180.000  deg                                     
  [ emin    ] min. energy   =    0.060  GeV                                     
  [ nev     ]      250000. events will be generated                             
  [ path    ] files saved in test-run/                                          
  [ ntuple  ] ntuple creation no                                                
  [ menu2   ] the second menu is off                                            
  [ menud   ] the dark matter menu is off                                       
  [ sprb1   ] e- beam energy spread =  0.0000000  (GeV)                         
  [ sprb2   ] e+ beam energy spread =  0.0000000  (GeV)                         
  
Insert "variable value":   
 Principal Menu:
  [ type "run" to start generation,
    "legenda" for help or "quit" to quit ]
  [ fs      ] final state =  ee                                                 
  [ ecms    ] CoM energy    =    0.211  GeV                                     
  [ thmin   ] min. angle    =   60.000  deg                                     
  [ thmax   ] max. angle    =  120.000  deg                                     
  [ zmax    ] acollinearity =  180.000  deg                                     
  [ emin    ] min. energy   =    0.060  GeV                                     
  [ nev     ]      250000. events will be generated                             
  [ path    ] files saved in run/                                               
  [ ntuple  ] ntuple creation no                                                
  [ menu2   ] the second menu is off                                            
  [ menud   ] the dark matter menu is off                                       
  [ sprb1   ] e- beam energy spread =  0.0000000  (GeV)                         
  [ sprb2   ] e+ beam energy spread =  0.0000000  (GeV)                         
  
Insert "variable value":   
 Principal Menu:
  [ type "run" to start generation,
    "legenda" for help or "quit" to quit ]
  [ fs      ] final state =  ee                                                 
  [ ecms    ] CoM energy    =    0.211  GeV                                     
  [ thmin   ] min. angle    =   60.000  deg                                     
  [ thmax   ] max. angle    =  120.000  deg                                     
  [ zmax    ] acollinearity =  180.000  deg                                     
  [ emin    ] min. energy   =    0.060  GeV                                     
  [ nev     ]      250000. events will be generated                             
  [ path    ] files saved in run/                                               
  [ ntuple  ] ntuple creation yes                                               
  [ menu2   ] the second menu is off                                            
  [ menud   ] the dark matter menu is off                                       
  [ sprb1   ] e- beam energy spread =  0.0000000  (GeV)                         
  [ sprb2   ] e+ beam energy spread =  0.0000000  (GeV)                         
  
Insert "variable value":   
 Principal Menu:
  [ type "run" to start generation,
    "legenda" for help or "quit" to quit ]
  [ fs      ] final state =  ee                                                 
  [ ecms    ] CoM energy    =    0.211  GeV                                     
  [ thmin   ] min. angle    =   60.000  deg                                     
  [ thmax   ] max. angle    =  120.000  deg                                     
  [ zmax    ] acollinearity =  180.000  deg                                     
  [ emin    ] min. energy   =    0.060  GeV                                     
  [ nev     ]      250000. events will be generated                             
  [ path    ] files saved in run/                                               
  [ ntuple  ] ntuple creation yes                                               
  [ menu2   ] the second menu is off                                            
  [ menud   ] the dark matter menu is off                                       
  [ sprb1   ] e- beam energy spread =  0.0002100  (GeV)                         
  [ sprb2   ] e+ beam energy spread =  0.0000000  (GeV)                         
  
Insert "variable value":   
 Principal Menu:
  [ type "run" to start generation,
    "legenda" for help or "quit" to quit ]
  [ fs      ] final state =  ee                                                 
  [ ecms    ] CoM energy    =    0.211  GeV                                     
  [ thmin   ] min. angle    =   60.000  deg                                     
  [ thmax   ] max. angle    =  120.000  deg                                     
  [ zmax    ] acollinearity =  180.000  deg                                     
  [ emin    ] min. energy   =    0.060  GeV                                     
  [ nev     ]      250000. events will be generated                             
  [ path    ] files saved in run/                                               
  [ ntuple  ] ntuple creation yes                                               
  [ menu2   ] the second menu is off                                            
  [ menud   ] the dark matter menu is off                                       
  [ sprb1   ] e- beam energy spread =  0.0002100  (GeV)                         
  [ sprb2   ] e+ beam energy spread =  0.0002100  (GeV)                         
  
Insert "variable value":                    
                   
 Using Fred's HADR5N16 routine for Delta alpha.
                   
 Starting generation...
                   

c_ranlux: using SSE2 inline assembly.

 Generation finished
[Errno 107] Transport endpoint is not connected: '/eos/user/r/rgargiul/www/babatm//1501_1/run/events.dat'
folder not exist
file not exist
  *************************************************************
  **********                                         **********
  ********                                             ********
  ******             Welcome to BabaYaga                 ******
  ****             ^^^^^^^^^^^^^^^^^^^^^^^                 ****
  **       It is an event generator for QED processes        **
  ****      at low energies, matching a QED PS with        ****
  ******           exact order alpha corrections         ******
  ********                                             ********
  **********                                         **********
  *************************************************************
   [[ it simulates: e+e- -->>  g  -->> e+e- or mu+mu- or gg ]] 
   [[             : e+e- -->> g,U -->> e+e-g or mu+mu-g     ]] 
  
 Principal Menu:
  [ type "run" to start generation,
    "legenda" for help or "quit" to quit ]
  [ fs      ] final state =  ee                                                 
  [ ecms    ] CoM energy    =    1.020  GeV                                     
  [ thmin   ] min. angle    =   20.000  deg                                     
  [ thmax   ] max. angle    =  160.000  deg                                     
  [ zmax    ] acollinearity =   10.000  deg                                     
  [ emin    ] min. energy   =    0.408  GeV                                     
  [ nev     ]    10000000. events will be generated                             
  [ path    ] files saved in test-run/                                          
  [ ntuple  ] ntuple creation no                                                
  [ menu2   ] the second menu is off                                            
  [ menud   ] the dark matter menu is off                                       
  [ sprb1   ] e- beam energy spread =  0.0000000  (GeV)                         
  [ sprb2   ] e+ beam energy spread =  0.0000000  (GeV)                         
  
Insert "variable value":   
 Principal Menu:
  [ type "run" to start generation,
    "legenda" for help or "quit" to quit ]
  [ fs      ] final state =  ee                                                 
  [ ecms    ] CoM energy    =    1.020  GeV                                     
  [ thmin   ] min. angle    =   20.000  deg                                     
  [ thmax   ] max. angle    =  160.000  deg                                     
  [ zmax    ] acollinearity =   10.000  deg                                     
  [ emin    ] min. energy   =    0.408  GeV                                     
  [ nev     ]    10000000. events will be generated                             
  [ path    ] files saved in test-run/                                          
  [ ntuple  ] ntuple creation no                                                
  [ menu2   ] the second menu is off                                            
  [ menud   ] the dark matter menu is off                                       
  [ sprb1   ] e- beam energy spread =  0.0000000  (GeV)                         
  [ sprb2   ] e+ beam energy spread =  0.0000000  (GeV)                         
  
Insert "variable value":   
 Principal Menu:
  [ type "run" to start generation,
    "legenda" for help or "quit" to quit ]
  [ fs      ] final state =  ee                                                 
  [ ecms    ] CoM energy    =    0.211  GeV                                     
  [ thmin   ] min. angle    =   20.000  deg                                     
  [ thmax   ] max. angle    =  160.000  deg                                     
  [ zmax    ] acollinearity =   10.000  deg                                     
  [ emin    ] min. energy   =    0.408  GeV                                     
  [ nev     ]    10000000. events will be generated                             
  [ path    ] files saved in test-run/                                          
  [ ntuple  ] ntuple creation no                                                
  [ menu2   ] the second menu is off                                            
  [ menud   ] the dark matter menu is off                                       
  [ sprb1   ] e- beam energy spread =  0.0000000  (GeV)                         
  [ sprb2   ] e+ beam energy spread =  0.0000000  (GeV)                         
  
Insert "variable value":   
 Principal Menu:
  [ type "run" to start generation,
    "legenda" for help or "quit" to quit ]
  [ fs      ] final state =  ee                                                 
  [ ecms    ] CoM energy    =    0.211  GeV                                     
  [ thmin   ] min. angle    =   60.000  deg                                     
  [ thmax   ] max. angle    =  160.000  deg                                     
  [ zmax    ] acollinearity =   10.000  deg                                     
  [ emin    ] min. energy   =    0.408  GeV                                     
  [ nev     ]    10000000. events will be generated                             
  [ path    ] files saved in test-run/                                          
  [ ntuple  ] ntuple creation no                                                
  [ menu2   ] the second menu is off                                            
  [ menud   ] the dark matter menu is off                                       
  [ sprb1   ] e- beam energy spread =  0.0000000  (GeV)                         
  [ sprb2   ] e+ beam energy spread =  0.0000000  (GeV)                         
  
Insert "variable value":   
 Principal Menu:
  [ type "run" to start generation,
    "legenda" for help or "quit" to quit ]
  [ fs      ] final state =  ee                                                 
  [ ecms    ] CoM energy    =    0.211  GeV                                     
  [ thmin   ] min. angle    =   60.000  deg                                     
  [ thmax   ] max. angle    =  120.000  deg                                     
  [ zmax    ] acollinearity =   10.000  deg                                     
  [ emin    ] min. energy   =    0.408  GeV                                     
  [ nev     ]    10000000. events will be generated                             
  [ path    ] files saved in test-run/                                          
  [ ntuple  ] ntuple creation no                                                
  [ menu2   ] the second menu is off                                            
  [ menud   ] the dark matter menu is off                                       
  [ sprb1   ] e- beam energy spread =  0.0000000  (GeV)                         
  [ sprb2   ] e+ beam energy spread =  0.0000000  (GeV)                         
  
Insert "variable value":   
 Principal Menu:
  [ type "run" to start generation,
    "legenda" for help or "quit" to quit ]
  [ fs      ] final state =  ee                                                 
  [ ecms    ] CoM energy    =    0.211  GeV                                     
  [ thmin   ] min. angle    =   60.000  deg                                     
  [ thmax   ] max. angle    =  120.000  deg                                     
  [ zmax    ] acollinearity =  180.000  deg                                     
  [ emin    ] min. energy   =    0.408  GeV                                     
  [ nev     ]    10000000. events will be generated                             
  [ path    ] files saved in test-run/                                          
  [ ntuple  ] ntuple creation no                                                
  [ menu2   ] the second menu is off                                            
  [ menud   ] the dark matter menu is off                                       
  [ sprb1   ] e- beam energy spread =  0.0000000  (GeV)                         
  [ sprb2   ] e+ beam energy spread =  0.0000000  (GeV)                         
  
Insert "variable value":   
 Principal Menu:
  [ type "run" to start generation,
    "legenda" for help or "quit" to quit ]
  [ fs      ] final state =  ee                                                 
  [ ecms    ] CoM energy    =    0.211  GeV                                     
  [ thmin   ] min. angle    =   60.000  deg                                     
  [ thmax   ] max. angle    =  120.000  deg                                     
  [ zmax    ] acollinearity =  180.000  deg                                     
  [ emin    ] min. energy   =    0.060  GeV                                     
  [ nev     ]    10000000. events will be generated                             
  [ path    ] files saved in test-run/                                          
  [ ntuple  ] ntuple creation no                                                
  [ menu2   ] the second menu is off                                            
  [ menud   ] the dark matter menu is off                                       
  [ sprb1   ] e- beam energy spread =  0.0000000  (GeV)                         
  [ sprb2   ] e+ beam energy spread =  0.0000000  (GeV)                         
  
Insert "variable value":   
 Principal Menu:
  [ type "run" to start generation,
    "legenda" for help or "quit" to quit ]
  [ fs      ] final state =  ee                                                 
  [ ecms    ] CoM energy    =    0.211  GeV                                     
  [ thmin   ] min. angle    =   60.000  deg                                     
  [ thmax   ] max. angle    =  120.000  deg                                     
  [ zmax    ] acollinearity =  180.000  deg                                     
  [ emin    ] min. energy   =    0.060  GeV                                     
  [ nev     ]    10000000. events will be generated                             
  [ path    ] files saved in test-run/                                          
  [ ntuple  ] ntuple creation no                                                
  [ menu2   ] the second menu is off                                            
  [ menud   ] the dark matter menu is off                                       
  [ sprb1   ] e- beam energy spread =  0.0000000  (GeV)                         
  [ sprb2   ] e+ beam energy spread =  0.0000000  (GeV)                         
  
Insert "variable value":   
 Principal Menu:
  [ type "run" to start generation,
    "legenda" for help or "quit" to quit ]
  [ fs      ] final state =  ee                                                 
  [ ecms    ] CoM energy    =    0.211  GeV                                     
  [ thmin   ] min. angle    =   60.000  deg                                     
  [ thmax   ] max. angle    =  120.000  deg                                     
  [ zmax    ] acollinearity =  180.000  deg                                     
  [ emin    ] min. energy   =    0.060  GeV                                     
  [ nev     ]      250000. events will be generated                             
  [ path    ] files saved in test-run/                                          
  [ ntuple  ] ntuple creation no                                                
  [ menu2   ] the second menu is off                                            
  [ menud   ] the dark matter menu is off                                       
  [ sprb1   ] e- beam energy spread =  0.0000000  (GeV)                         
  [ sprb2   ] e+ beam energy spread =  0.0000000  (GeV)                         
  
Insert "variable value":   
 Principal Menu:
  [ type "run" to start generation,
    "legenda" for help or "quit" to quit ]
  [ fs      ] final state =  ee                                                 
  [ ecms    ] CoM energy    =    0.211  GeV                                     
  [ thmin   ] min. angle    =   60.000  deg                                     
  [ thmax   ] max. angle    =  120.000  deg                                     
  [ zmax    ] acollinearity =  180.000  deg                                     
  [ emin    ] min. energy   =    0.060  GeV                                     
  [ nev     ]      250000. events will be generated                             
  [ path    ] files saved in run/                                               
  [ ntuple  ] ntuple creation no                                                
  [ menu2   ] the second menu is off                                            
  [ menud   ] the dark matter menu is off                                       
  [ sprb1   ] e- beam energy spread =  0.0000000  (GeV)                         
  [ sprb2   ] e+ beam energy spread =  0.0000000  (GeV)                         
  
Insert "variable value":   
 Principal Menu:
  [ type "run" to start generation,
    "legenda" for help or "quit" to quit ]
  [ fs      ] final state =  ee                                                 
  [ ecms    ] CoM energy    =    0.211  GeV                                     
  [ thmin   ] min. angle    =   60.000  deg                                     
  [ thmax   ] max. angle    =  120.000  deg                                     
  [ zmax    ] acollinearity =  180.000  deg                                     
  [ emin    ] min. energy   =    0.060  GeV                                     
  [ nev     ]      250000. events will be generated                             
  [ path    ] files saved in run/                                               
  [ ntuple  ] ntuple creation yes                                               
  [ menu2   ] the second menu is off                                            
  [ menud   ] the dark matter menu is off                                       
  [ sprb1   ] e- beam energy spread =  0.0000000  (GeV)                         
  [ sprb2   ] e+ beam energy spread =  0.0000000  (GeV)                         
  
Insert "variable value":   
 Principal Menu:
  [ type "run" to start generation,
    "legenda" for help or "quit" to quit ]
  [ fs      ] final state =  ee                                                 
  [ ecms    ] CoM energy    =    0.211  GeV                                     
  [ thmin   ] min. angle    =   60.000  deg                                     
  [ thmax   ] max. angle    =  120.000  deg                                     
  [ zmax    ] acollinearity =  180.000  deg                                     
  [ emin    ] min. energy   =    0.060  GeV                                     
  [ nev     ]      250000. events will be generated                             
  [ path    ] files saved in run/                                               
  [ ntuple  ] ntuple creation yes                                               
  [ menu2   ] the second menu is off                                            
  [ menud   ] the dark matter menu is off                                       
  [ sprb1   ] e- beam energy spread =  0.0002100  (GeV)                         
  [ sprb2   ] e+ beam energy spread =  0.0000000  (GeV)                         
  
Insert "variable value":   
 Principal Menu:
  [ type "run" to start generation,
    "legenda" for help or "quit" to quit ]
  [ fs      ] final state =  ee                                                 
  [ ecms    ] CoM energy    =    0.211  GeV                                     
  [ thmin   ] min. angle    =   60.000  deg                                     
  [ thmax   ] max. angle    =  120.000  deg                                     
  [ zmax    ] acollinearity =  180.000  deg                                     
  [ emin    ] min. energy   =    0.060  GeV                                     
  [ nev     ]      250000. events will be generated                             
  [ path    ] files saved in run/                                               
  [ ntuple  ] ntuple creation yes                                               
  [ menu2   ] the second menu is off                                            
  [ menud   ] the dark matter menu is off                                       
  [ sprb1   ] e- beam energy spread =  0.0002100  (GeV)                         
  [ sprb2   ] e+ beam energy spread =  0.0002100  (GeV)                         
  
Insert "variable value":                    
                   
 Using Fred's HADR5N16 routine for Delta alpha.
                   
 Starting generation...
                   

c_ranlux: using SSE2 inline assembly.

 Generation finished
[Errno 107] Transport endpoint is not connected: '/eos/user/r/rgargiul/www/babatm//1501_2/run/events.dat'
folder not exist
file not exist
  *************************************************************
  **********                                         **********
  ********                                             ********
  ******             Welcome to BabaYaga                 ******
  ****             ^^^^^^^^^^^^^^^^^^^^^^^                 ****
  **       It is an event generator for QED processes        **
  ****      at low energies, matching a QED PS with        ****
  ******           exact order alpha corrections         ******
  ********                                             ********
  **********                                         **********
  *************************************************************
   [[ it simulates: e+e- -->>  g  -->> e+e- or mu+mu- or gg ]] 
   [[             : e+e- -->> g,U -->> e+e-g or mu+mu-g     ]] 
  
 Principal Menu:
  [ type "run" to start generation,
    "legenda" for help or "quit" to quit ]
  [ fs      ] final state =  ee                                                 
  [ ecms    ] CoM energy    =    1.020  GeV                                     
  [ thmin   ] min. angle    =   20.000  deg                                     
  [ thmax   ] max. angle    =  160.000  deg                                     
  [ zmax    ] acollinearity =   10.000  deg                                     
  [ emin    ] min. energy   =    0.408  GeV                                     
  [ nev     ]    10000000. events will be generated                             
  [ path    ] files saved in test-run/                                          
  [ ntuple  ] ntuple creation no                                                
  [ menu2   ] the second menu is off                                            
  [ menud   ] the dark matter menu is off                                       
  [ sprb1   ] e- beam energy spread =  0.0000000  (GeV)                         
  [ sprb2   ] e+ beam energy spread =  0.0000000  (GeV)                         
  
Insert "variable value":   
 Principal Menu:
  [ type "run" to start generation,
    "legenda" for help or "quit" to quit ]
  [ fs      ] final state =  ee                                                 
  [ ecms    ] CoM energy    =    1.020  GeV                                     
  [ thmin   ] min. angle    =   20.000  deg                                     
  [ thmax   ] max. angle    =  160.000  deg                                     
  [ zmax    ] acollinearity =   10.000  deg                                     
  [ emin    ] min. energy   =    0.408  GeV                                     
  [ nev     ]    10000000. events will be generated                             
  [ path    ] files saved in test-run/                                          
  [ ntuple  ] ntuple creation no                                                
  [ menu2   ] the second menu is off                                            
  [ menud   ] the dark matter menu is off                                       
  [ sprb1   ] e- beam energy spread =  0.0000000  (GeV)                         
  [ sprb2   ] e+ beam energy spread =  0.0000000  (GeV)                         
  
Insert "variable value":   
 Principal Menu:
  [ type "run" to start generation,
    "legenda" for help or "quit" to quit ]
  [ fs      ] final state =  ee                                                 
  [ ecms    ] CoM energy    =    0.211  GeV                                     
  [ thmin   ] min. angle    =   20.000  deg                                     
  [ thmax   ] max. angle    =  160.000  deg                                     
  [ zmax    ] acollinearity =   10.000  deg                                     
  [ emin    ] min. energy   =    0.408  GeV                                     
  [ nev     ]    10000000. events will be generated                             
  [ path    ] files saved in test-run/                                          
  [ ntuple  ] ntuple creation no                                                
  [ menu2   ] the second menu is off                                            
  [ menud   ] the dark matter menu is off                                       
  [ sprb1   ] e- beam energy spread =  0.0000000  (GeV)                         
  [ sprb2   ] e+ beam energy spread =  0.0000000  (GeV)                         
  
Insert "variable value":   
 Principal Menu:
  [ type "run" to start generation,
    "legenda" for help or "quit" to quit ]
  [ fs      ] final state =  ee                                                 
  [ ecms    ] CoM energy    =    0.211  GeV                                     
  [ thmin   ] min. angle    =   60.000  deg                                     
  [ thmax   ] max. angle    =  160.000  deg                                     
  [ zmax    ] acollinearity =   10.000  deg                                     
  [ emin    ] min. energy   =    0.408  GeV                                     
  [ nev     ]    10000000. events will be generated                             
  [ path    ] files saved in test-run/                                          
  [ ntuple  ] ntuple creation no                                                
  [ menu2   ] the second menu is off                                            
  [ menud   ] the dark matter menu is off                                       
  [ sprb1   ] e- beam energy spread =  0.0000000  (GeV)                         
  [ sprb2   ] e+ beam energy spread =  0.0000000  (GeV)                         
  
Insert "variable value":   
 Principal Menu:
  [ type "run" to start generation,
    "legenda" for help or "quit" to quit ]
  [ fs      ] final state =  ee                                                 
  [ ecms    ] CoM energy    =    0.211  GeV                                     
  [ thmin   ] min. angle    =   60.000  deg                                     
  [ thmax   ] max. angle    =  120.000  deg                                     
  [ zmax    ] acollinearity =   10.000  deg                                     
  [ emin    ] min. energy   =    0.408  GeV                                     
  [ nev     ]    10000000. events will be generated                             
  [ path    ] files saved in test-run/                                          
  [ ntuple  ] ntuple creation no                                                
  [ menu2   ] the second menu is off                                            
  [ menud   ] the dark matter menu is off                                       
  [ sprb1   ] e- beam energy spread =  0.0000000  (GeV)                         
  [ sprb2   ] e+ beam energy spread =  0.0000000  (GeV)                         
  
Insert "variable value":   
 Principal Menu:
  [ type "run" to start generation,
    "legenda" for help or "quit" to quit ]
  [ fs      ] final state =  ee                                                 
  [ ecms    ] CoM energy    =    0.211  GeV                                     
  [ thmin   ] min. angle    =   60.000  deg                                     
  [ thmax   ] max. angle    =  120.000  deg                                     
  [ zmax    ] acollinearity =  180.000  deg                                     
  [ emin    ] min. energy   =    0.408  GeV                                     
  [ nev     ]    10000000. events will be generated                             
  [ path    ] files saved in test-run/                                          
  [ ntuple  ] ntuple creation no                                                
  [ menu2   ] the second menu is off                                            
  [ menud   ] the dark matter menu is off                                       
  [ sprb1   ] e- beam energy spread =  0.0000000  (GeV)                         
  [ sprb2   ] e+ beam energy spread =  0.0000000  (GeV)                         
  
Insert "variable value":   
 Principal Menu:
  [ type "run" to start generation,
    "legenda" for help or "quit" to quit ]
  [ fs      ] final state =  ee                                                 
  [ ecms    ] CoM energy    =    0.211  GeV                                     
  [ thmin   ] min. angle    =   60.000  deg                                     
  [ thmax   ] max. angle    =  120.000  deg                                     
  [ zmax    ] acollinearity =  180.000  deg                                     
  [ emin    ] min. energy   =    0.060  GeV                                     
  [ nev     ]    10000000. events will be generated                             
  [ path    ] files saved in test-run/                                          
  [ ntuple  ] ntuple creation no                                                
  [ menu2   ] the second menu is off                                            
  [ menud   ] the dark matter menu is off                                       
  [ sprb1   ] e- beam energy spread =  0.0000000  (GeV)                         
  [ sprb2   ] e+ beam energy spread =  0.0000000  (GeV)                         
  
Insert "variable value":   
 Principal Menu:
  [ type "run" to start generation,
    "legenda" for help or "quit" to quit ]
  [ fs      ] final state =  ee                                                 
  [ ecms    ] CoM energy    =    0.211  GeV                                     
  [ thmin   ] min. angle    =   60.000  deg                                     
  [ thmax   ] max. angle    =  120.000  deg                                     
  [ zmax    ] acollinearity =  180.000  deg                                     
  [ emin    ] min. energy   =    0.060  GeV                                     
  [ nev     ]    10000000. events will be generated                             
  [ path    ] files saved in test-run/                                          
  [ ntuple  ] ntuple creation no                                                
  [ menu2   ] the second menu is off                                            
  [ menud   ] the dark matter menu is off                                       
  [ sprb1   ] e- beam energy spread =  0.0000000  (GeV)                         
  [ sprb2   ] e+ beam energy spread =  0.0000000  (GeV)                         
  
Insert "variable value":   
 Principal Menu:
  [ type "run" to start generation,
    "legenda" for help or "quit" to quit ]
  [ fs      ] final state =  ee                                                 
  [ ecms    ] CoM energy    =    0.211  GeV                                     
  [ thmin   ] min. angle    =   60.000  deg                                     
  [ thmax   ] max. angle    =  120.000  deg                                     
  [ zmax    ] acollinearity =  180.000  deg                                     
  [ emin    ] min. energy   =    0.060  GeV                                     
  [ nev     ]      250000. events will be generated                             
  [ path    ] files saved in test-run/                                          
  [ ntuple  ] ntuple creation no                                                
  [ menu2   ] the second menu is off                                            
  [ menud   ] the dark matter menu is off                                       
  [ sprb1   ] e- beam energy spread =  0.0000000  (GeV)                         
  [ sprb2   ] e+ beam energy spread =  0.0000000  (GeV)                         
  
Insert "variable value":   
 Principal Menu:
  [ type "run" to start generation,
    "legenda" for help or "quit" to quit ]
  [ fs      ] final state =  ee                                                 
  [ ecms    ] CoM energy    =    0.211  GeV                                     
  [ thmin   ] min. angle    =   60.000  deg                                     
  [ thmax   ] max. angle    =  120.000  deg                                     
  [ zmax    ] acollinearity =  180.000  deg                                     
  [ emin    ] min. energy   =    0.060  GeV                                     
  [ nev     ]      250000. events will be generated                             
  [ path    ] files saved in run/                                               
  [ ntuple  ] ntuple creation no                                                
  [ menu2   ] the second menu is off                                            
  [ menud   ] the dark matter menu is off                                       
  [ sprb1   ] e- beam energy spread =  0.0000000  (GeV)                         
  [ sprb2   ] e+ beam energy spread =  0.0000000  (GeV)                         
  
Insert "variable value":   
 Principal Menu:
  [ type "run" to start generation,
    "legenda" for help or "quit" to quit ]
  [ fs      ] final state =  ee                                                 
  [ ecms    ] CoM energy    =    0.211  GeV                                     
  [ thmin   ] min. angle    =   60.000  deg                                     
  [ thmax   ] max. angle    =  120.000  deg                                     
  [ zmax    ] acollinearity =  180.000  deg                                     
  [ emin    ] min. energy   =    0.060  GeV                                     
  [ nev     ]      250000. events will be generated                             
  [ path    ] files saved in run/                                               
  [ ntuple  ] ntuple creation yes                                               
  [ menu2   ] the second menu is off                                            
  [ menud   ] the dark matter menu is off                                       
  [ sprb1   ] e- beam energy spread =  0.0000000  (GeV)                         
  [ sprb2   ] e+ beam energy spread =  0.0000000  (GeV)                         
  
Insert "variable value":   
 Principal Menu:
  [ type "run" to start generation,
    "legenda" for help or "quit" to quit ]
  [ fs      ] final state =  ee                                                 
  [ ecms    ] CoM energy    =    0.211  GeV                                     
  [ thmin   ] min. angle    =   60.000  deg                                     
  [ thmax   ] max. angle    =  120.000  deg                                     
  [ zmax    ] acollinearity =  180.000  deg                                     
  [ emin    ] min. energy   =    0.060  GeV                                     
  [ nev     ]      250000. events will be generated                             
  [ path    ] files saved in run/                                               
  [ ntuple  ] ntuple creation yes                                               
  [ menu2   ] the second menu is off                                            
  [ menud   ] the dark matter menu is off                                       
  [ sprb1   ] e- beam energy spread =  0.0002100  (GeV)                         
  [ sprb2   ] e+ beam energy spread =  0.0000000  (GeV)                         
  
Insert "variable value":   
 Principal Menu:
  [ type "run" to start generation,
    "legenda" for help or "quit" to quit ]
  [ fs      ] final state =  ee                                                 
  [ ecms    ] CoM energy    =    0.211  GeV                                     
  [ thmin   ] min. angle    =   60.000  deg                                     
  [ thmax   ] max. angle    =  120.000  deg                                     
  [ zmax    ] acollinearity =  180.000  deg                                     
  [ emin    ] min. energy   =    0.060  GeV                                     
  [ nev     ]      250000. events will be generated                             
  [ path    ] files saved in run/                                               
  [ ntuple  ] ntuple creation yes                                               
  [ menu2   ] the second menu is off                                            
  [ menud   ] the dark matter menu is off                                       
  [ sprb1   ] e- beam energy spread =  0.0002100  (GeV)                         
  [ sprb2   ] e+ beam energy spread =  0.0002100  (GeV)                         
  
Insert "variable value":                    
                   
 Using Fred's HADR5N16 routine for Delta alpha.
                   
 Starting generation...
                   

c_ranlux: using SSE2 inline assembly.

 Generation finished
[Errno 107] Transport endpoint is not connected: '/eos/user/r/rgargiul/www/babatm//1501_3/run/events.dat'
folder not exist
file not exist
  *************************************************************
  **********                                         **********
  ********                                             ********
  ******             Welcome to BabaYaga                 ******
  ****             ^^^^^^^^^^^^^^^^^^^^^^^                 ****
  **       It is an event generator for QED processes        **
  ****      at low energies, matching a QED PS with        ****
  ******           exact order alpha corrections         ******
  ********                                             ********
  **********                                         **********
  *************************************************************
   [[ it simulates: e+e- -->>  g  -->> e+e- or mu+mu- or gg ]] 
   [[             : e+e- -->> g,U -->> e+e-g or mu+mu-g     ]] 
  
 Principal Menu:
  [ type "run" to start generation,
    "legenda" for help or "quit" to quit ]
  [ fs      ] final state =  ee                                                 
  [ ecms    ] CoM energy    =    1.020  GeV                                     
  [ thmin   ] min. angle    =   20.000  deg                                     
  [ thmax   ] max. angle    =  160.000  deg                                     
  [ zmax    ] acollinearity =   10.000  deg                                     
  [ emin    ] min. energy   =    0.408  GeV                                     
  [ nev     ]    10000000. events will be generated                             
  [ path    ] files saved in test-run/                                          
  [ ntuple  ] ntuple creation no                                                
  [ menu2   ] the second menu is off                                            
  [ menud   ] the dark matter menu is off                                       
  [ sprb1   ] e- beam energy spread =  0.0000000  (GeV)                         
  [ sprb2   ] e+ beam energy spread =  0.0000000  (GeV)                         
  
Insert "variable value":   
 Principal Menu:
  [ type "run" to start generation,
    "legenda" for help or "quit" to quit ]
  [ fs      ] final state =  ee                                                 
  [ ecms    ] CoM energy    =    1.020  GeV                                     
  [ thmin   ] min. angle    =   20.000  deg                                     
  [ thmax   ] max. angle    =  160.000  deg                                     
  [ zmax    ] acollinearity =   10.000  deg                                     
  [ emin    ] min. energy   =    0.408  GeV                                     
  [ nev     ]    10000000. events will be generated                             
  [ path    ] files saved in test-run/                                          
  [ ntuple  ] ntuple creation no                                                
  [ menu2   ] the second menu is off                                            
  [ menud   ] the dark matter menu is off                                       
  [ sprb1   ] e- beam energy spread =  0.0000000  (GeV)                         
  [ sprb2   ] e+ beam energy spread =  0.0000000  (GeV)                         
  
Insert "variable value":   
 Principal Menu:
  [ type "run" to start generation,
    "legenda" for help or "quit" to quit ]
  [ fs      ] final state =  ee                                                 
  [ ecms    ] CoM energy    =    0.211  GeV                                     
  [ thmin   ] min. angle    =   20.000  deg                                     
  [ thmax   ] max. angle    =  160.000  deg                                     
  [ zmax    ] acollinearity =   10.000  deg                                     
  [ emin    ] min. energy   =    0.408  GeV                                     
  [ nev     ]    10000000. events will be generated                             
  [ path    ] files saved in test-run/                                          
  [ ntuple  ] ntuple creation no                                                
  [ menu2   ] the second menu is off                                            
  [ menud   ] the dark matter menu is off                                       
  [ sprb1   ] e- beam energy spread =  0.0000000  (GeV)                         
  [ sprb2   ] e+ beam energy spread =  0.0000000  (GeV)                         
  
Insert "variable value":   
 Principal Menu:
  [ type "run" to start generation,
    "legenda" for help or "quit" to quit ]
  [ fs      ] final state =  ee                                                 
  [ ecms    ] CoM energy    =    0.211  GeV                                     
  [ thmin   ] min. angle    =   60.000  deg                                     
  [ thmax   ] max. angle    =  160.000  deg                                     
  [ zmax    ] acollinearity =   10.000  deg                                     
  [ emin    ] min. energy   =    0.408  GeV                                     
  [ nev     ]    10000000. events will be generated                             
  [ path    ] files saved in test-run/                                          
  [ ntuple  ] ntuple creation no                                                
  [ menu2   ] the second menu is off                                            
  [ menud   ] the dark matter menu is off                                       
  [ sprb1   ] e- beam energy spread =  0.0000000  (GeV)                         
  [ sprb2   ] e+ beam energy spread =  0.0000000  (GeV)                         
  
Insert "variable value":   
 Principal Menu:
  [ type "run" to start generation,
    "legenda" for help or "quit" to quit ]
  [ fs      ] final state =  ee                                                 
  [ ecms    ] CoM energy    =    0.211  GeV                                     
  [ thmin   ] min. angle    =   60.000  deg                                     
  [ thmax   ] max. angle    =  120.000  deg                                     
  [ zmax    ] acollinearity =   10.000  deg                                     
  [ emin    ] min. energy   =    0.408  GeV                                     
  [ nev     ]    10000000. events will be generated                             
  [ path    ] files saved in test-run/                                          
  [ ntuple  ] ntuple creation no                                                
  [ menu2   ] the second menu is off                                            
  [ menud   ] the dark matter menu is off                                       
  [ sprb1   ] e- beam energy spread =  0.0000000  (GeV)                         
  [ sprb2   ] e+ beam energy spread =  0.0000000  (GeV)                         
  
Insert "variable value":   
 Principal Menu:
  [ type "run" to start generation,
    "legenda" for help or "quit" to quit ]
  [ fs      ] final state =  ee                                                 
  [ ecms    ] CoM energy    =    0.211  GeV                                     
  [ thmin   ] min. angle    =   60.000  deg                                     
  [ thmax   ] max. angle    =  120.000  deg                                     
  [ zmax    ] acollinearity =  180.000  deg                                     
  [ emin    ] min. energy   =    0.408  GeV                                     
  [ nev     ]    10000000. events will be generated                             
  [ path    ] files saved in test-run/                                          
  [ ntuple  ] ntuple creation no                                                
  [ menu2   ] the second menu is off                                            
  [ menud   ] the dark matter menu is off                                       
  [ sprb1   ] e- beam energy spread =  0.0000000  (GeV)                         
  [ sprb2   ] e+ beam energy spread =  0.0000000  (GeV)                         
  
Insert "variable value":   
 Principal Menu:
  [ type "run" to start generation,
    "legenda" for help or "quit" to quit ]
  [ fs      ] final state =  ee                                                 
  [ ecms    ] CoM energy    =    0.211  GeV                                     
  [ thmin   ] min. angle    =   60.000  deg                                     
  [ thmax   ] max. angle    =  120.000  deg                                     
  [ zmax    ] acollinearity =  180.000  deg                                     
  [ emin    ] min. energy   =    0.060  GeV                                     
  [ nev     ]    10000000. events will be generated                             
  [ path    ] files saved in test-run/                                          
  [ ntuple  ] ntuple creation no                                                
  [ menu2   ] the second menu is off                                            
  [ menud   ] the dark matter menu is off                                       
  [ sprb1   ] e- beam energy spread =  0.0000000  (GeV)                         
  [ sprb2   ] e+ beam energy spread =  0.0000000  (GeV)                         
  
Insert "variable value":   
 Principal Menu:
  [ type "run" to start generation,
    "legenda" for help or "quit" to quit ]
  [ fs      ] final state =  ee                                                 
  [ ecms    ] CoM energy    =    0.211  GeV                                     
  [ thmin   ] min. angle    =   60.000  deg                                     
  [ thmax   ] max. angle    =  120.000  deg                                     
  [ zmax    ] acollinearity =  180.000  deg                                     
  [ emin    ] min. energy   =    0.060  GeV                                     
  [ nev     ]    10000000. events will be generated                             
  [ path    ] files saved in test-run/                                          
  [ ntuple  ] ntuple creation no                                                
  [ menu2   ] the second menu is off                                            
  [ menud   ] the dark matter menu is off                                       
  [ sprb1   ] e- beam energy spread =  0.0000000  (GeV)                         
  [ sprb2   ] e+ beam energy spread =  0.0000000  (GeV)                         
  
Insert "variable value":   
 Principal Menu:
  [ type "run" to start generation,
    "legenda" for help or "quit" to quit ]
  [ fs      ] final state =  ee                                                 
  [ ecms    ] CoM energy    =    0.211  GeV                                     
  [ thmin   ] min. angle    =   60.000  deg                                     
  [ thmax   ] max. angle    =  120.000  deg                                     
  [ zmax    ] acollinearity =  180.000  deg                                     
  [ emin    ] min. energy   =    0.060  GeV                                     
  [ nev     ]      250000. events will be generated                             
  [ path    ] files saved in test-run/                                          
  [ ntuple  ] ntuple creation no                                                
  [ menu2   ] the second menu is off                                            
  [ menud   ] the dark matter menu is off                                       
  [ sprb1   ] e- beam energy spread =  0.0000000  (GeV)                         
  [ sprb2   ] e+ beam energy spread =  0.0000000  (GeV)                         
  
Insert "variable value":   
 Principal Menu:
  [ type "run" to start generation,
    "legenda" for help or "quit" to quit ]
  [ fs      ] final state =  ee                                                 
  [ ecms    ] CoM energy    =    0.211  GeV                                     
  [ thmin   ] min. angle    =   60.000  deg                                     
  [ thmax   ] max. angle    =  120.000  deg                                     
  [ zmax    ] acollinearity =  180.000  deg                                     
  [ emin    ] min. energy   =    0.060  GeV                                     
  [ nev     ]      250000. events will be generated                             
  [ path    ] files saved in run/                                               
  [ ntuple  ] ntuple creation no                                                
  [ menu2   ] the second menu is off                                            
  [ menud   ] the dark matter menu is off                                       
  [ sprb1   ] e- beam energy spread =  0.0000000  (GeV)                         
  [ sprb2   ] e+ beam energy spread =  0.0000000  (GeV)                         
  
Insert "variable value":   
 Principal Menu:
  [ type "run" to start generation,
    "legenda" for help or "quit" to quit ]
  [ fs      ] final state =  ee                                                 
  [ ecms    ] CoM energy    =    0.211  GeV                                     
  [ thmin   ] min. angle    =   60.000  deg                                     
  [ thmax   ] max. angle    =  120.000  deg                                     
  [ zmax    ] acollinearity =  180.000  deg                                     
  [ emin    ] min. energy   =    0.060  GeV                                     
  [ nev     ]      250000. events will be generated                             
  [ path    ] files saved in run/                                               
  [ ntuple  ] ntuple creation yes                                               
  [ menu2   ] the second menu is off                                            
  [ menud   ] the dark matter menu is off                                       
  [ sprb1   ] e- beam energy spread =  0.0000000  (GeV)                         
  [ sprb2   ] e+ beam energy spread =  0.0000000  (GeV)                         
  
Insert "variable value":   
 Principal Menu:
  [ type "run" to start generation,
    "legenda" for help or "quit" to quit ]
  [ fs      ] final state =  ee                                                 
  [ ecms    ] CoM energy    =    0.211  GeV                                     
  [ thmin   ] min. angle    =   60.000  deg                                     
  [ thmax   ] max. angle    =  120.000  deg                                     
  [ zmax    ] acollinearity =  180.000  deg                                     
  [ emin    ] min. energy   =    0.060  GeV                                     
  [ nev     ]      250000. events will be generated                             
  [ path    ] files saved in run/                                               
  [ ntuple  ] ntuple creation yes                                               
  [ menu2   ] the second menu is off                                            
  [ menud   ] the dark matter menu is off                                       
  [ sprb1   ] e- beam energy spread =  0.0002100  (GeV)                         
  [ sprb2   ] e+ beam energy spread =  0.0000000  (GeV)                         
  
Insert "variable value":   
 Principal Menu:
  [ type "run" to start generation,
    "legenda" for help or "quit" to quit ]
  [ fs      ] final state =  ee                                                 
  [ ecms    ] CoM energy    =    0.211  GeV                                     
  [ thmin   ] min. angle    =   60.000  deg                                     
  [ thmax   ] max. angle    =  120.000  deg                                     
  [ zmax    ] acollinearity =  180.000  deg                                     
  [ emin    ] min. energy   =    0.060  GeV                                     
  [ nev     ]      250000. events will be generated                             
  [ path    ] files saved in run/                                               
  [ ntuple  ] ntuple creation yes                                               
  [ menu2   ] the second menu is off                                            
  [ menud   ] the dark matter menu is off                                       
  [ sprb1   ] e- beam energy spread =  0.0002100  (GeV)                         
  [ sprb2   ] e+ beam energy spread =  0.0002100  (GeV)                         
  
Insert "variable value":                    
                   
 Using Fred's HADR5N16 routine for Delta alpha.
                   
 Starting generation...
                   

c_ranlux: using SSE2 inline assembly.

 Generation finished
[Errno 107] Transport endpoint is not connected: '/eos/user/r/rgargiul/www/babatm//1501_4/run/events.dat'
